<?xml version="1.0" encoding="UTF-8"?>
<!-- Generated by org.testng.reporters.JUnitReportReporter -->
<testsuite hostname="DESKTOP-95B0UOS" failures="0" tests="2" name="com.automation.testcases.LoginTestCRM" time="3.853" errors="0" timestamp="2023-07-27T13:52:00 IST" skipped="0">
  <testcase classname="com.automation.testcases.LoginTestCRM" name="loginAPP" time="3.670"/>
  <system-out/>
  <testcase classname="com.automation.testcases.LoginTestCRM" name="loginAPP1" time="0.183"/>
  <system-out/>
</testsuite> <!-- com.automation.testcases.LoginTestCRM -->
