<?xml version="1.0" encoding="UTF-8"?>
<!-- Generated by org.testng.reporters.JUnitReportReporter -->
<testsuite hostname="DESKTOP-95B0UOS" failures="0" tests="1" name="com.automation.testcases.TestcasewithoutFramework" time="9.924" errors="0" timestamp="2023-07-25T19:37:07 IST" skipped="0">
  <testcase classname="com.automation.testcases.TestcasewithoutFramework" name="test" time="9.924"/>
  <system-out/>
</testsuite> <!-- com.automation.testcases.TestcasewithoutFramework -->
